# JRE version: Java(TM) SE Runtime Environment (8.0_05-b13) (build 1.8.0_05-b13)
# Java VM: Java HotSpot(TM) 64-Bit Server VM (25.5-b02 mixed mode bsd-amd64 compressed oops)
Heap:
 PSYoungGen      total 219136K, used 111343K [0x000000076ab00000, 0x0000000779f80000, 0x00000007c0000000)
  eden space 199680K, 48% used [0x000000076ab00000,0x0000000770a13f38,0x0000000776e00000)
  from space 19456K, 71% used [0x0000000776e00000,0x0000000777ba8030,0x0000000778100000)
  to   space 20992K, 0% used [0x0000000778b00000,0x0000000778b00000,0x0000000779f80000)
 ParOldGen       total 16896K, used 14739K [0x00000006c0000000, 0x00000006c1080000, 0x000000076ab00000)
  object space 16896K, 87% used [0x00000006c0000000,0x00000006c0e64dc8,0x00000006c1080000)
 Metaspace       used 36792K, capacity 49083K, committed 49152K, reserved 1085440K
  class space    used 9424K, capacity 13533K, committed 13568K, reserved 1048576K
GC Heap History (10 events):
Event: 10.376 GC heap before
{Heap before GC invocations=40 (full 3):
 PSYoungGen      total 186880K, used 186872K [0x000000076ab00000, 0x0000000777080000, 0x00000007c0000000)
  eden space 176128K, 100% used [0x000000076ab00000,0x0000000775700000,0x0000000775700000)
  from space 10752K, 99% used [0x0000000776300000,0x0000000776d7e318,0x0000000776d80000)
  to   space 12288K, 0% used [0x0000000775700000,0x0000000775700000,0x0000000776300000)
 ParOldGen       total 16896K, used 14034K [0x00000006c0000000, 0x00000006c1080000, 0x000000076ab00000)
  object space 16896K, 83% used [0x00000006c0000000,0x00000006c0db4b80,0x00000006c1080000)
 Metaspace       used 34518K, capacity 45725K, committed 46080K, reserved 1083392K
  class space    used 8726K, capacity 12428K, committed 12544K, reserved 1048576K
Event: 10.390 GC heap after
Heap after GC invocations=40 (full 3):
 PSYoungGen      total 188416K, used 12272K [0x000000076ab00000, 0x0000000778080000, 0x00000007c0000000)
  eden space 176128K, 0% used [0x000000076ab00000,0x000000076ab00000,0x0000000775700000)
  from space 12288K, 99% used [0x0000000775700000,0x00000007762fc020,0x0000000776300000)
  to   space 14336K, 0% used [0x0000000777280000,0x0000000777280000,0x0000000778080000)
 ParOldGen       total 16896K, used 14127K [0x00000006c0000000, 0x00000006c1080000, 0x000000076ab00000)
  object space 16896K, 83% used [0x00000006c0000000,0x00000006c0dcbd60,0x00000006c1080000)
 Metaspace       used 34518K, capacity 45725K, committed 46080K, reserved 1083392K
  class space    used 8726K, capacity 12428K, committed 12544K, reserved 1048576K
}
Event: 11.393 GC heap before
{Heap before GC invocations=41 (full 3):
 PSYoungGen      total 188416K, used 188400K [0x000000076ab00000, 0x0000000778080000, 0x00000007c0000000)
  eden space 176128K, 100% used [0x000000076ab00000,0x0000000775700000,0x0000000775700000)
  from space 12288K, 99% used [0x0000000775700000,0x00000007762fc020,0x0000000776300000)
  to   space 14336K, 0% used [0x0000000777280000,0x0000000777280000,0x0000000778080000)
 ParOldGen       total 16896K, used 14127K [0x00000006c0000000, 0x00000006c1080000, 0x000000076ab00000)
  object space 16896K, 83% used [0x00000006c0000000,0x00000006c0dcbd60,0x00000006c1080000)
 Metaspace       used 36317K, capacity 48403K, committed 48512K, reserved 1085440K
  class space    used 9343K, capacity 13349K, committed 13440K, reserved 1048576K
Event: 11.410 GC heap after
Heap after GC invocations=41 (full 3):
 PSYoungGen      total 202240K, used 13217K [0x000000076ab00000, 0x0000000778400000, 0x00000007c0000000)
  eden space 187904K, 0% used [0x000000076ab00000,0x000000076ab00000,0x0000000776280000)
  from space 14336K, 92% used [0x0000000777280000,0x0000000777f68500,0x0000000778080000)
  to   space 16384K, 0% used [0x0000000776280000,0x0000000776280000,0x0000000777280000)
 ParOldGen       total 16896K, used 14715K [0x00000006c0000000, 0x00000006c1080000, 0x000000076ab00000)
  object space 16896K, 87% used [0x00000006c0000000,0x00000006c0e5edc8,0x00000006c1080000)
 Metaspace       used 36317K, capacity 48403K, committed 48512K, reserved 1085440K
  class space    used 9343K, capacity 13349K, committed 13440K, reserved 1048576K
}
Event: 12.001 GC heap before
{Heap before GC invocations=42 (full 3):
 PSYoungGen      total 202240K, used 201121K [0x000000076ab00000, 0x0000000778400000, 0x00000007c0000000)
  eden space 187904K, 100% used [0x000000076ab00000,0x0000000776280000,0x0000000776280000)
  from space 14336K, 92% used [0x0000000777280000,0x0000000777f68500,0x0000000778080000)
  to   space 16384K, 0% used [0x0000000776280000,0x0000000776280000,0x0000000777280000)
 ParOldGen       total 16896K, used 14715K [0x00000006c0000000, 0x00000006c1080000, 0x000000076ab00000)
  object space 16896K, 87% used [0x00000006c0000000,0x00000006c0e5edc8,0x00000006c1080000)
 Metaspace       used 36661K, capacity 48869K, committed 49152K, reserved 1085440K
  class space    used 9397K, capacity 13449K, committed 13568K, reserved 1048576K
Event: 12.016 GC heap after
Heap after GC invocations=42 (full 3):
 PSYoungGen      total 204288K, used 14112K [0x000000076ab00000, 0x0000000779480000, 0x00000007c0000000)
  eden space 187904K, 0% used [0x000000076ab00000,0x000000076ab00000,0x0000000776280000)
  from space 16384K, 86% used [0x0000000776280000,0x0000000777048030,0x0000000777280000)
  to   space 18432K, 0% used [0x0000000778280000,0x0000000778280000,0x0000000779480000)
 ParOldGen       total 16896K, used 14723K [0x00000006c0000000, 0x00000006c1080000, 0x000000076ab00000)
  object space 16896K, 87% used [0x00000006c0000000,0x00000006c0e60dc8,0x00000006c1080000)
 Metaspace       used 36661K, capacity 48869K, committed 49152K, reserved 1085440K
  class space    used 9397K, capacity 13449K, committed 13568K, reserved 1048576K
}
Event: 26.563 GC heap before
{Heap before GC invocations=43 (full 3):
 PSYoungGen      total 204288K, used 202016K [0x000000076ab00000, 0x0000000779480000, 0x00000007c0000000)
  eden space 187904K, 100% used [0x000000076ab00000,0x0000000776280000,0x0000000776280000)
  from space 16384K, 86% used [0x0000000776280000,0x0000000777048030,0x0000000777280000)
  to   space 18432K, 0% used [0x0000000778280000,0x0000000778280000,0x0000000779480000)
 ParOldGen       total 16896K, used 14723K [0x00000006c0000000, 0x00000006c1080000, 0x000000076ab00000)
  object space 16896K, 87% used [0x00000006c0000000,0x00000006c0e60dc8,0x00000006c1080000)
 Metaspace       used 36766K, capacity 49083K, committed 49152K, reserved 1085440K
  class space    used 9421K, capacity 13533K, committed 13568K, reserved 1048576K
Event: 26.581 GC heap after
Heap after GC invocations=43 (full 3):
 PSYoungGen      total 217600K, used 13984K [0x000000076ab00000, 0x0000000779400000, 0x00000007c0000000)
  eden space 199680K, 0% used [0x000000076ab00000,0x000000076ab00000,0x0000000776e00000)
  from space 17920K, 78% used [0x0000000778280000,0x0000000779028030,0x0000000779400000)
  to   space 19456K, 0% used [0x0000000776e00000,0x0000000776e00000,0x0000000778100000)
 ParOldGen       total 16896K, used 14731K [0x00000006c0000000, 0x00000006c1080000, 0x000000076ab00000)
  object space 16896K, 87% used [0x00000006c0000000,0x00000006c0e62dc8,0x00000006c1080000)
 Metaspace       used 36766K, capacity 49083K, committed 49152K, reserved 1085440K
  class space    used 9421K, capacity 13533K, committed 13568K, reserved 1048576K
}
Event: 55.786 GC heap before
{Heap before GC invocations=44 (full 3):
 PSYoungGen      total 217600K, used 213664K [0x000000076ab00000, 0x0000000779400000, 0x00000007c0000000)
  eden space 199680K, 100% used [0x000000076ab00000,0x0000000776e00000,0x0000000776e00000)
  from space 17920K, 78% used [0x0000000778280000,0x0000000779028030,0x0000000779400000)
  to   space 19456K, 0% used [0x0000000776e00000,0x0000000776e00000,0x0000000778100000)
 ParOldGen       total 16896K, used 14731K [0x00000006c0000000, 0x00000006c1080000, 0x000000076ab00000)
  object space 16896K, 87% used [0x00000006c0000000,0x00000006c0e62dc8,0x00000006c1080000)
 Metaspace       used 36766K, capacity 49083K, committed 49152K, reserved 1085440K
  class space    used 9421K, capacity 13533K, committed 13568K, reserved 1048576K
Event: 55.802 GC heap after
Heap after GC invocations=44 (full 3):
 PSYoungGen      total 219136K, used 13984K [0x000000076ab00000, 0x0000000779f80000, 0x00000007c0000000)
  eden space 199680K, 0% used [0x000000076ab00000,0x000000076ab00000,0x0000000776e00000)
  from space 19456K, 71% used [0x0000000776e00000,0x0000000777ba8030,0x0000000778100000)
  to   space 20992K, 0% used [0x0000000778b00000,0x0000000778b00000,0x0000000779f80000)
 ParOldGen       total 16896K, used 14739K [0x00000006c0000000, 0x00000006c1080000, 0x000000076ab00000)
  object space 16896K, 87% used [0x00000006c0000000,0x00000006c0e64dc8,0x00000006c1080000)
 Metaspace       used 36766K, capacity 49083K, committed 49152K, reserved 1085440K
  class space    used 9421K, capacity 13533K, committed 13568K, reserved 1048576K
}

